# JRE version: OpenJDK Runtime Environment (21.0.5) (build 21.0.5+-13047016-b750.29)
# Java VM: OpenJDK 64-Bit Server VM (21.0.5+-13047016-b750.29, mixed mode, tiered, compressed oops, compressed class ptrs, g1 gc, windows-amd64)
GC Precious Log:
 CardTable entry size: 512
 Card Set container configuration: InlinePtr #cards 5 size 8 Array Of Cards #cards 12 size 40 Howl #buckets 4 coarsen threshold 1843 Howl Bitmap #cards 512 size 80 coarsen threshold 460 Card regions per heap region 1 cards per card region 2048
 CPUs: 8 total, 8 available
 Memory: 16253M
 Large Page Support: Disabled
 NUMA Support: Disabled
 Compressed Oops: Enabled (32-bit)
 Heap Region Size: 1M
 Heap Min Capacity: 8M
 Heap Initial Capacity: 254M
 Heap Max Capacity: 2G
 Pre-touch: Disabled
 Parallel Workers: 8
 Concurrent Workers: 2
 Concurrent Refinement Workers: 8
 Periodic GC: Disabled
Heap:
 garbage-first heap   total 287744K, used 195986K [0x0000000080000000, 0x0000000100000000)
  region size 1024K, 10 young (10240K), 7 survivors (7168K)
 Metaspace       used 168272K, committed 170944K, reserved 1245184K
  class space    used 22405K, committed 23744K, reserved 1048576K
GC Heap History (20 events):
Event: 238.961 GC heap before
{Heap before GC invocations=64 (full 0):
 garbage-first heap   total 260096K, used 230893K [0x0000000080000000, 0x0000000100000000)
  region size 1024K, 98 young (100352K), 14 survivors (14336K)
 Metaspace       used 131654K, committed 134144K, reserved 1179648K
  class space    used 17710K, committed 18944K, reserved 1048576K
}
Event: 238.969 GC heap after
{Heap after GC invocations=65 (full 0):
 garbage-first heap   total 260096K, used 152520K [0x0000000080000000, 0x0000000100000000)
  region size 1024K, 7 young (7168K), 7 survivors (7168K)
 Metaspace       used 131654K, committed 134144K, reserved 1179648K
  class space    used 17710K, committed 18944K, reserved 1048576K
}
Event: 239.995 GC heap before
{Heap before GC invocations=66 (full 0):
 garbage-first heap   total 260096K, used 237512K [0x0000000080000000, 0x0000000100000000)
  region size 1024K, 91 young (93184K), 7 survivors (7168K)
 Metaspace       used 132204K, committed 134656K, reserved 1179648K
  class space    used 17779K, committed 19008K, reserved 1048576K
}
Event: 240.003 GC heap after
{Heap after GC invocations=67 (full 0):
 garbage-first heap   total 260096K, used 160201K [0x0000000080000000, 0x0000000100000000)
  region size 1024K, 8 young (8192K), 8 survivors (8192K)
 Metaspace       used 132204K, committed 134656K, reserved 1179648K
  class space    used 17779K, committed 19008K, reserved 1048576K
}
Event: 241.068 GC heap before
{Heap before GC invocations=67 (full 0):
 garbage-first heap   total 260096K, used 239049K [0x0000000080000000, 0x0000000100000000)
  region size 1024K, 83 young (84992K), 8 survivors (8192K)
 Metaspace       used 138080K, committed 140608K, reserved 1179648K
  class space    used 18446K, committed 19712K, reserved 1048576K
}
Event: 241.075 GC heap after
{Heap after GC invocations=68 (full 0):
 garbage-first heap   total 260096K, used 164248K [0x0000000080000000, 0x0000000100000000)
  region size 1024K, 6 young (6144K), 6 survivors (6144K)
 Metaspace       used 138080K, committed 140608K, reserved 1179648K
  class space    used 18446K, committed 19712K, reserved 1048576K
}
Event: 241.077 GC heap before
{Heap before GC invocations=68 (full 0):
 garbage-first heap   total 260096K, used 164248K [0x0000000080000000, 0x0000000100000000)
  region size 1024K, 7 young (7168K), 6 survivors (6144K)
 Metaspace       used 138080K, committed 140608K, reserved 1179648K
  class space    used 18446K, committed 19712K, reserved 1048576K
}
Event: 241.079 GC heap after
{Heap after GC invocations=69 (full 0):
 garbage-first heap   total 260096K, used 164385K [0x0000000080000000, 0x0000000100000000)
  region size 1024K, 6 young (6144K), 6 survivors (6144K)
 Metaspace       used 138080K, committed 140608K, reserved 1179648K
  class space    used 18446K, committed 19712K, reserved 1048576K
}
Event: 241.977 GC heap before
{Heap before GC invocations=70 (full 0):
 garbage-first heap   total 280576K, used 232993K [0x0000000080000000, 0x0000000100000000)
  region size 1024K, 70 young (71680K), 6 survivors (6144K)
 Metaspace       used 142493K, committed 144960K, reserved 1179648K
  class space    used 19021K, committed 20288K, reserved 1048576K
}
Event: 241.981 GC heap after
{Heap after GC invocations=71 (full 0):
 garbage-first heap   total 280576K, used 166974K [0x0000000080000000, 0x0000000100000000)
  region size 1024K, 5 young (5120K), 5 survivors (5120K)
 Metaspace       used 142493K, committed 144960K, reserved 1179648K
  class space    used 19021K, committed 20288K, reserved 1048576K
}
Event: 243.196 GC heap before
{Heap before GC invocations=71 (full 0):
 garbage-first heap   total 280576K, used 249918K [0x0000000080000000, 0x0000000100000000)
  region size 1024K, 85 young (87040K), 5 survivors (5120K)
 Metaspace       used 147145K, committed 149760K, reserved 1179648K
  class space    used 19736K, committed 21056K, reserved 1048576K
}
Event: 243.203 GC heap after
{Heap after GC invocations=72 (full 0):
 garbage-first heap   total 280576K, used 160363K [0x0000000080000000, 0x0000000100000000)
  region size 1024K, 8 young (8192K), 8 survivors (8192K)
 Metaspace       used 147145K, committed 149760K, reserved 1179648K
  class space    used 19736K, committed 21056K, reserved 1048576K
}
Event: 243.693 GC heap before
{Heap before GC invocations=72 (full 0):
 garbage-first heap   total 280576K, used 200299K [0x0000000080000000, 0x0000000100000000)
  region size 1024K, 48 young (49152K), 8 survivors (8192K)
 Metaspace       used 150684K, committed 153216K, reserved 1245184K
  class space    used 20302K, committed 21568K, reserved 1048576K
}
Event: 243.697 GC heap after
{Heap after GC invocations=73 (full 0):
 garbage-first heap   total 280576K, used 162192K [0x0000000080000000, 0x0000000100000000)
  region size 1024K, 6 young (6144K), 6 survivors (6144K)
 Metaspace       used 150684K, committed 153216K, reserved 1245184K
  class space    used 20302K, committed 21568K, reserved 1048576K
}
Event: 245.178 GC heap before
{Heap before GC invocations=74 (full 0):
 garbage-first heap   total 280576K, used 271760K [0x0000000080000000, 0x0000000100000000)
  region size 1024K, 97 young (99328K), 6 survivors (6144K)
 Metaspace       used 161346K, committed 163968K, reserved 1245184K
  class space    used 21679K, committed 22976K, reserved 1048576K
}
Event: 245.185 GC heap after
{Heap after GC invocations=75 (full 0):
 garbage-first heap   total 285696K, used 184226K [0x0000000080000000, 0x0000000100000000)
  region size 1024K, 12 young (12288K), 12 survivors (12288K)
 Metaspace       used 161346K, committed 163968K, reserved 1245184K
  class space    used 21679K, committed 22976K, reserved 1048576K
}
Event: 245.914 GC heap before
{Heap before GC invocations=75 (full 0):
 garbage-first heap   total 285696K, used 262050K [0x0000000080000000, 0x0000000100000000)
  region size 1024K, 84 young (86016K), 12 survivors (12288K)
 Metaspace       used 164473K, committed 167040K, reserved 1245184K
  class space    used 21939K, committed 23232K, reserved 1048576K
}
Event: 245.923 GC heap after
{Heap after GC invocations=76 (full 0):
 garbage-first heap   total 287744K, used 188316K [0x0000000080000000, 0x0000000100000000)
  region size 1024K, 8 young (8192K), 8 survivors (8192K)
 Metaspace       used 164473K, committed 167040K, reserved 1245184K
  class space    used 21939K, committed 23232K, reserved 1048576K
}
Event: 248.498 GC heap before
{Heap before GC invocations=76 (full 0):
 garbage-first heap   total 287744K, used 262044K [0x0000000080000000, 0x0000000100000000)
  region size 1024K, 81 young (82944K), 8 survivors (8192K)
 Metaspace       used 168302K, committed 170944K, reserved 1245184K
  class space    used 22413K, committed 23744K, reserved 1048576K
}
Event: 248.510 GC heap after
{Heap after GC invocations=77 (full 0):
 garbage-first heap   total 287744K, used 193938K [0x0000000080000000, 0x0000000100000000)
  region size 1024K, 7 young (7168K), 7 survivors (7168K)
 Metaspace       used 168302K, committed 170944K, reserved 1245184K
  class space    used 22413K, committed 23744K, reserved 1048576K
}

